[2025-05-17T14:34:52.083Z] GET /favicon.ico - IP: ::1
[2025-05-17T14:35:33.875Z] POST /salvar-presenca - IP: ::1
[2025-05-17T14:45:25.208Z] POST /salvar-presenca - IP: ::1
[2025-05-17T14:46:44.792Z] POST /salvar-presenca - IP: ::1
[2025-05-17T14:52:52.751Z] POST /salvar-presenca - IP: ::1
[2025-05-17T15:21:16.637Z] POST /salvar-reserva - IP: ::1
[2025-05-17T15:21:30.091Z] POST /salvar-reserva - IP: ::1
[2025-05-17T15:21:55.614Z] POST /salvar-reserva - IP: ::1
[2025-05-17T15:48:14.079Z] POST /salvar-reserva - IP: ::1
[2025-05-17T18:04:28.942Z] POST /salvar-reserva - IP: ::1
[2025-05-17T18:11:25.095Z] POST /salvar-reserva - IP: ::1
[2025-05-17T18:45:14.001Z] POST /salvar-reserva - IP: ::1
[2025-05-17T20:19:51.679Z] GET /fotos/foto_cerimonia.jpg - IP: ::1
[2025-05-17T20:19:51.728Z] GET /fotos/foto_recepcao.jpg - IP: ::1
[2025-05-17T20:19:51.736Z] GET /fotos/foto_jardim.jpg - IP: ::1
[2025-05-17T20:37:15.171Z] GET /fotos/foto_cerimonia.jpg - IP: ::1
[2025-05-17T20:37:15.176Z] GET /fotos/foto_recepcao.jpg - IP: ::1
[2025-05-17T20:37:15.176Z] GET /fotos/foto_jardim.jpg - IP: ::1
[2025-05-17T20:47:28.708Z] GET /fotos/foto_cerimonia.jpg - IP: ::1
[2025-05-17T20:47:28.731Z] GET /fotos/foto_recepcao.jpg - IP: ::1
[2025-05-17T20:47:28.734Z] GET /fotos/foto_jardim.jpg - IP: ::1
[2025-05-17T20:47:57.727Z] GET /fotos/foto_cerimonia.jpg - IP: ::1
[2025-05-17T20:47:57.745Z] GET /fotos/foto_recepcao.jpg - IP: ::1
[2025-05-17T20:47:57.749Z] GET /fotos/foto_jardim.jpg - IP: ::1
[2025-05-17T21:23:34.461Z] GET /.well-known/appspecific/com.chrome.devtools.json - IP: ::1
[2025-05-17T21:23:58.037Z] GET /.well-known/appspecific/com.chrome.devtools.json - IP: ::1
[2025-05-17T22:42:36.792Z] GET /.well-known/appspecific/com.chrome.devtools.json - IP: ::1
[2025-05-17T23:21:58.303Z] GET /border.png - IP: ::1
[2025-05-17T23:22:18.718Z] GET /border.png - IP: ::1
[2025-05-17T23:22:31.559Z] GET /border.png - IP: ::1
[2025-05-17T23:22:37.627Z] GET /border.png - IP: ::1
[2025-05-17T23:22:42.589Z] GET /border.png - IP: ::1
[2025-05-17T23:22:48.747Z] GET /border.png - IP: ::1
[2025-05-17T23:23:09.952Z] GET /border.png - IP: ::1
[2025-05-17T23:23:14.358Z] GET /border.png - IP: ::1
[2025-05-17T23:23:30.368Z] GET /border.png - IP: ::1
[2025-05-17T23:23:39.308Z] GET /border.png - IP: ::1
[2025-05-17T23:27:45.861Z] GET /.well-known/appspecific/com.chrome.devtools.json - IP: ::1
[2025-05-17T23:28:19.953Z] GET /border.png - IP: ::1
[2025-05-17T23:28:27.618Z] GET /border.png - IP: ::1
[2025-05-17T23:28:40.579Z] GET /border.png - IP: ::1
[2025-05-17T23:28:54.603Z] GET /border.png - IP: ::1
[2025-05-17T23:33:50.663Z] GET /border.png - IP: ::1
[2025-05-17T23:48:00.903Z] GET /border.png - IP: ::1
[2025-05-17T23:55:04.228Z] GET /border.png - IP: ::1
[2025-05-17T23:59:38.442Z] GET /border.png - IP: ::1
[2025-05-18T00:14:33.294Z] GET /border.png - IP: ::1
[2025-05-18T00:19:16.593Z] GET /border.png - IP: ::1
[2025-05-18T00:24:35.733Z] GET /.well-known/appspecific/com.chrome.devtools.json - IP: ::1
[2025-05-18T14:32:08.246Z] GET /.well-known/appspecific/com.chrome.devtools.json - IP: ::1
[2025-05-18T14:32:39.086Z] GET /border.png - IP: ::1
[2025-05-18T15:11:56.340Z] GET /border.png - IP: ::1
[2025-05-18T15:12:57.180Z] GET /border.png - IP: ::1
[2025-05-18T15:15:37.984Z] GET /border.png - IP: ::1
[2025-05-18T15:16:41.693Z] GET /border.png - IP: ::1
[2025-05-18T15:17:40.893Z] GET /border.png - IP: ::1
[2025-05-18T15:20:38.424Z] GET /border.png - IP: ::1
[2025-05-18T15:20:56.418Z] GET /border.png - IP: ::1
[2025-05-18T15:22:13.778Z] GET /border.png - IP: ::1
[2025-05-18T15:25:31.056Z] GET /border.png - IP: ::1
[2025-05-18T15:49:03.925Z] GET /border.png - IP: ::1
[2025-05-18T15:49:26.665Z] GET /border.png - IP: ::1
[2025-05-19T00:40:49.673Z] GET /border.png - IP: ::1
[2025-05-19T00:41:17.480Z] GET /border.png - IP: ::1
[2025-05-19T00:42:13.067Z] GET /border.png - IP: ::1
[2025-05-19T00:43:27.489Z] GET /border.png - IP: ::1
[2025-05-19T00:43:54.917Z] GET /border.png - IP: ::1
[2025-05-19T00:53:50.746Z] GET /border.png - IP: ::1
[2025-05-19T00:54:32.887Z] GET /border.png - IP: ::1
[2025-05-19T00:55:19.567Z] GET /border.png - IP: ::1
[2025-05-19T00:55:53.976Z] GET /border.png - IP: ::1
[2025-05-19T01:24:39.272Z] POST /salvar-presenca - IP: ::1
[2025-05-19T01:25:13.804Z] POST /salvar-reserva - IP: ::1
[2025-05-19T01:25:21.628Z] GET /presentes - IP: ::1
[2025-05-19T01:25:23.208Z] GET /presentes - IP: ::1
